<?xml version="1.0" encoding="UTF-8"?>
<!-- Generated by org.testng.reporters.JUnitReportReporter -->
<testsuite hostname="Ankit" name="scripts.Logintest" tests="1" failures="0" timestamp="10 Jan 2018 14:43:15 GMT" time="14.460" errors="0">
  <testcase name="validlogin" time="14.460" classname="scripts.Logintest"/>
</testsuite> <!-- scripts.Logintest -->
